Unity Editor version:    2021.3.9f1 (ad3870b89536)
Branch:                  2021.3/staging
Build type:              Release
Batch mode:              YES
macOS version:           Version 12.3.1 (Build 21E258)
Darwin version:          21.4.0
Architecture:            arm64
Running under Rosetta:   NO
Available memory:        8192 MB
Using pre-set license
Pro License: YES

COMMAND LINE ARGUMENTS:
/Applications/Unity/Hub/Editor/2021.3.9f1/Unity.app/Contents/MacOS/Unity
-adb2
-batchMode
-noUpm
-name
AssetImportWorker1
-projectPath
/Users/JUVAZQUEZQUIJADA/Desktop/unity stuffs/unity essentials
-logFile
Logs/AssetImportWorker1.log
-srvPort
53224
Successfully changed project path to: /Users/JUVAZQUEZQUIJADA/Desktop/unity stuffs/unity essentials
Could not lock editor preferences. Preferences updates for this instance of Unity will not be saved./Users/JUVAZQUEZQUIJADA/Desktop/unity stuffs/unity essentials
[UnityMemory] Configuration Parameters - Can be set up in boot.config
    "memorysetup-bucket-allocator-granularity=16"
    "memorysetup-bucket-allocator-bucket-count=8"
    "memorysetup-bucket-allocator-block-size=33554432"
    "memorysetup-bucket-allocator-block-count=8"
    "memorysetup-main-allocator-block-size=16777216"
    "memorysetup-thread-allocator-block-size=16777216"
    "memorysetup-gfx-main-allocator-block-size=16777216"
    "memorysetup-gfx-thread-allocator-block-size=16777216"
    "memorysetup-cache-allocator-block-size=4194304"
    "memorysetup-typetree-allocator-block-size=2097152"
    "memorysetup-profiler-bucket-allocator-granularity=16"
    "memorysetup-profiler-bucket-allocator-bucket-count=8"
    "memorysetup-profiler-bucket-allocator-block-size=33554432"
    "memorysetup-profiler-bucket-allocator-block-count=8"
    "memorysetup-profiler-allocator-block-size=16777216"
    "memorysetup-profiler-editor-allocator-block-size=1048576"
    "memorysetup-temp-allocator-size-main=16777216"
    "memorysetup-job-temp-allocator-block-size=2097152"
    "memorysetup-job-temp-allocator-block-size-background=1048576"
    "memorysetup-job-temp-allocator-reduction-small-platforms=262144"
    "memorysetup-temp-allocator-size-background-worker=32768"
    "memorysetup-temp-allocator-size-job-worker=262144"
    "memorysetup-temp-allocator-size-preload-manager=33554432"
    "memorysetup-temp-allocator-size-nav-mesh-worker=65536"
    "memorysetup-temp-allocator-size-audio-worker=65536"
    "memorysetup-temp-allocator-size-cloud-worker=32768"
    "memorysetup-temp-allocator-size-gi-baking-worker=262144"
    "memorysetup-temp-allocator-size-gfx=262144"
Refreshing native plugins compatible for Editor in 67.85 ms, found 2 plugins.
Preloading 0 native plugins for Editor in 0.00 ms.
Initialize engine version: 2021.3.9f1 (ad3870b89536)
[Subsystems] Discovering subsystems at path /Applications/Unity/Hub/Editor/2021.3.9f1/Unity.app/Contents/Resources/UnitySubsystems
[Subsystems] Discovering subsystems at path /Users/JUVAZQUEZQUIJADA/Desktop/unity stuffs/unity essentials/Assets
GfxDevice: creating device client; threaded=0; jobified=0
 preferred device: Apple M1 (high power)
Metal devices available: 1
0: Apple M1 (high power)
Using device Apple M1 (high power)
Initializing Metal device caps: Apple M1
Initialize mono
Mono path[0] = '/Applications/Unity/Hub/Editor/2021.3.9f1/Unity.app/Contents/Managed'
Mono path[1] = '/Applications/Unity/Hub/Editor/2021.3.9f1/Unity.app/Contents/MonoBleedingEdge/lib/mono/unityjit-macos'
Mono config path = '/Applications/Unity/Hub/Editor/2021.3.9f1/Unity.app/Contents/MonoBleedingEdge/etc'
Using monoOptions --debugger-agent=transport=dt_socket,embedding=1,server=y,suspend=n,address=127.0.0.1:56921
Begin MonoManager ReloadAssembly
Registering precompiled unity dll's ...
Register platform support module: /Applications/Unity/Hub/Editor/2021.3.9f1/PlaybackEngines/WebGLSupport/UnityEditor.WebGL.Extensions.dll
Register platform support module: /Applications/Unity/Hub/Editor/2021.3.9f1/Unity.app/Contents/PlaybackEngines/MacStandaloneSupport/UnityEditor.OSXStandalone.Extensions.dll
Register platform support module: /Applications/Unity/Hub/Editor/2021.3.9f1/PlaybackEngines/AndroidPlayer/UnityEditor.Android.Extensions.dll
Registered in 0.000497 seconds.
Native extension for Android target not found
Native extension for OSXStandalone target not found
Native extension for WebGL target not found
Refreshing native plugins compatible for Editor in 73.42 ms, found 2 plugins.
Preloading 0 native plugins for Editor in 0.00 ms.
Mono: successfully reloaded assembly
- Completed reload, in  0.392 seconds
Domain Reload Profiling:
	ReloadAssembly (392ms)
		BeginReloadAssembly (32ms)
			ExecutionOrderSort (0ms)
			DisableScriptedObjects (0ms)
			BackupInstance (0ms)
			ReleaseScriptingObjects (0ms)
			CreateAndSetChildDomain (0ms)
		EndReloadAssembly (296ms)
			LoadAssemblies (31ms)
			RebuildTransferFunctionScriptingTraits (0ms)
			SetupTypeCache (70ms)
			ReleaseScriptCaches (0ms)
			RebuildScriptCaches (19ms)
			SetupLoadedEditorAssemblies (181ms)
				LogAssemblyErrors (0ms)
				InitializePlatformSupportModulesInManaged (29ms)
				SetLoadedEditorAssemblies (0ms)
				RefreshPlugins (73ms)
				BeforeProcessingInitializeOnLoad (1ms)
				ProcessInitializeOnLoadAttributes (52ms)
				ProcessInitializeOnLoadMethodAttributes (26ms)
				AfterProcessingInitializeOnLoad (0ms)
				EditorAssembliesLoaded (0ms)
			ExecutionOrderSort2 (0ms)
			AwakeInstancesAfterBackupRestoration (0ms)
Platform modules already initialized, skipping
Registering precompiled user dll's ...
Registered in 0.001384 seconds.
Begin MonoManager ReloadAssembly
Symbol file LoadedFromMemory doesn't match image /Users/JUVAZQUEZQUIJADA/Desktop/unity stuffs/unity essentials/Library/PackageCache/com.unity.visualscripting@1.7.8/Editor/VisualScripting.Core/Dependencies/YamlDotNet/Unity.VisualScripting.YamlDotNet.dll
Symbol file LoadedFromMemory doesn't match image /Users/JUVAZQUEZQUIJADA/Desktop/unity stuffs/unity essentials/Library/PackageCache/com.unity.visualscripting@1.7.8/Editor/VisualScripting.Core/Dependencies/DotNetZip/Unity.VisualScripting.IonicZip.dll
Native extension for Android target not found
Native extension for OSXStandalone target not found
Native extension for WebGL target not found
Refreshing native plugins compatible for Editor in 0.37 ms, found 2 plugins.
Preloading 0 native plugins for Editor in 0.00 ms.
Mono: successfully reloaded assembly
- Completed reload, in  0.691 seconds
Domain Reload Profiling:
	ReloadAssembly (691ms)
		BeginReloadAssembly (152ms)
			ExecutionOrderSort (0ms)
			DisableScriptedObjects (3ms)
			BackupInstance (0ms)
			ReleaseScriptingObjects (0ms)
			CreateAndSetChildDomain (112ms)
		EndReloadAssembly (471ms)
			LoadAssemblies (35ms)
			RebuildTransferFunctionScriptingTraits (0ms)
			SetupTypeCache (170ms)
			ReleaseScriptCaches (0ms)
			RebuildScriptCaches (32ms)
			SetupLoadedEditorAssemblies (207ms)
				LogAssemblyErrors (0ms)
				InitializePlatformSupportModulesInManaged (7ms)
				SetLoadedEditorAssemblies (0ms)
				RefreshPlugins (0ms)
				BeforeProcessingInitializeOnLoad (56ms)
				ProcessInitializeOnLoadAttributes (128ms)
				ProcessInitializeOnLoadMethodAttributes (15ms)
				AfterProcessingInitializeOnLoad (1ms)
				EditorAssembliesLoaded (0ms)
			ExecutionOrderSort2 (0ms)
			AwakeInstancesAfterBackupRestoration (2ms)
Platform modules already initialized, skipping
========================================================================
Worker process is ready to serve import requests
Launching external process: /Applications/Unity/Hub/Editor/2021.3.9f1/Unity.app/Contents/Tools/UnityShaderCompiler
Launched and connected shader compiler UnityShaderCompiler after 0.04 seconds
Refreshing native plugins compatible for Editor in 0.39 ms, found 2 plugins.
Preloading 0 native plugins for Editor in 0.00 ms.
Unloading 3380 Unused Serialized files (Serialized files now loaded: 0)
Unloading 27 unused Assets / (94.4 KB). Loaded Objects now: 3839.
Memory consumption went from 230.9 MB to 230.8 MB.
Total: 2.240916 ms (FindLiveObjects: 0.094750 ms CreateObjectMapping: 0.040750 ms MarkObjects: 2.039125 ms  DeleteObjects: 0.065333 ms)

AssetImportParameters requested are different than current active one (requested -> active):
  custom:video-decoder-ogg-theora: a1e56fd34408186e4bbccfd4996cb3dc -> 
  custom:container-muxer-webm: aa71ff27fc2769a1b78a27578f13a17b -> 
  custom:container-demuxer-webm: 4f35f7cbe854078d1ac9338744f61a02 -> 
  custom:video-encoder-webm-vp8: eb34c28f22e8b96e1ab97ce403110664 -> 
  custom:framework-osx-AVFoundation: e770b220cccbd017edd2c1fefb359320 -> 
  custom:audio-encoder-webm-vorbis: bf7c407c2cedff20999df2af8eb42d56 -> 
  custom:container-demuxer-ogg: 62fdf1f143b41e24485cea50d1cbac27 -> 
  custom:video-decoder-webm-vp8: 9c59270c3fd7afecdb556c50c9e8de78 -> 
  custom:audio-decoder-ogg-vorbis: bf7c407c2cedff20999df2af8eb42d56 -> 
========================================================================
Received Import Request.
  Time since last request: 30343.634792 seconds.
  path: Assets/Materials/polished-concrete-5fc4cb5e32dd7-1200.mat
  artifactKey: Guid(c7b7e65db3e91426ea03490a067b3add) Importer(815301076,1909f56bfc062723c751e8b465ee728b)
Start importing Assets/Materials/polished-concrete-5fc4cb5e32dd7-1200.mat using Guid(c7b7e65db3e91426ea03490a067b3add) Importer(815301076,1909f56bfc062723c751e8b465ee728b)  -> (artifact id: '81c7d62387470f9cee631779f3265f1a') in 0.133409 seconds 
========================================================================
Received Prepare
Registering precompiled user dll's ...
Registered in 0.002208 seconds.
Begin MonoManager ReloadAssembly
Thread 0x17fa87000 may have been prematurely finalized
Symbol file LoadedFromMemory doesn't match image /Users/JUVAZQUEZQUIJADA/Desktop/unity stuffs/unity essentials/Library/PackageCache/com.unity.visualscripting@1.7.8/Editor/VisualScripting.Core/Dependencies/YamlDotNet/Unity.VisualScripting.YamlDotNet.dll
Symbol file LoadedFromMemory doesn't match image /Users/JUVAZQUEZQUIJADA/Desktop/unity stuffs/unity essentials/Library/PackageCache/com.unity.visualscripting@1.7.8/Editor/VisualScripting.Core/Dependencies/DotNetZip/Unity.VisualScripting.IonicZip.dll
Native extension for Android target not found
Native extension for OSXStandalone target not found
Native extension for WebGL target not found
Refreshing native plugins compatible for Editor in 0.40 ms, found 2 plugins.
Preloading 0 native plugins for Editor in 0.00 ms.
Mono: successfully reloaded assembly
- Completed reload, in  0.621 seconds
Domain Reload Profiling:
	ReloadAssembly (622ms)
		BeginReloadAssembly (89ms)
			ExecutionOrderSort (0ms)
			DisableScriptedObjects (9ms)
			BackupInstance (0ms)
			ReleaseScriptingObjects (0ms)
			CreateAndSetChildDomain (34ms)
		EndReloadAssembly (475ms)
			LoadAssemblies (37ms)
			RebuildTransferFunctionScriptingTraits (1ms)
			SetupTypeCache (180ms)
			ReleaseScriptCaches (1ms)
			RebuildScriptCaches (27ms)
			SetupLoadedEditorAssemblies (197ms)
				LogAssemblyErrors (0ms)
				InitializePlatformSupportModulesInManaged (13ms)
				SetLoadedEditorAssemblies (0ms)
				RefreshPlugins (0ms)
				BeforeProcessingInitializeOnLoad (40ms)
				ProcessInitializeOnLoadAttributes (127ms)
				ProcessInitializeOnLoadMethodAttributes (16ms)
				AfterProcessingInitializeOnLoad (1ms)
				EditorAssembliesLoaded (0ms)
			ExecutionOrderSort2 (0ms)
			AwakeInstancesAfterBackupRestoration (2ms)
Platform modules already initialized, skipping
Refreshing native plugins compatible for Editor in 0.70 ms, found 2 plugins.
Preloading 0 native plugins for Editor in 0.00 ms.
Unloading 3377 Unused Serialized files (Serialized files now loaded: 0)
Unloading 20 unused Assets / (71.2 KB). Loaded Objects now: 3884.
Memory consumption went from 240.0 MB to 240.0 MB.
Total: 3.266458 ms (FindLiveObjects: 0.113542 ms CreateObjectMapping: 0.041333 ms MarkObjects: 3.056084 ms  DeleteObjects: 0.054875 ms)

AssetImportParameters requested are different than current active one (requested -> active):
  custom:video-decoder-ogg-theora: a1e56fd34408186e4bbccfd4996cb3dc -> 
  custom:container-muxer-webm: aa71ff27fc2769a1b78a27578f13a17b -> 
  custom:container-demuxer-webm: 4f35f7cbe854078d1ac9338744f61a02 -> 
  custom:video-encoder-webm-vp8: eb34c28f22e8b96e1ab97ce403110664 -> 
  custom:framework-osx-AVFoundation: e770b220cccbd017edd2c1fefb359320 -> 
  custom:audio-encoder-webm-vorbis: bf7c407c2cedff20999df2af8eb42d56 -> 
  custom:container-demuxer-ogg: 62fdf1f143b41e24485cea50d1cbac27 -> 
  custom:video-decoder-webm-vp8: 9c59270c3fd7afecdb556c50c9e8de78 -> 
  custom:audio-decoder-ogg-vorbis: bf7c407c2cedff20999df2af8eb42d56 -> 
========================================================================
Received Import Request.
  Time since last request: 459.796931 seconds.
  path: Assets/Sport Car - 3D model/Materials/LicensePlate.mat
  artifactKey: Guid(078475740c4d20041b941448ab7ae4d2) Importer(815301076,1909f56bfc062723c751e8b465ee728b)
Start importing Assets/Sport Car - 3D model/Materials/LicensePlate.mat using Guid(078475740c4d20041b941448ab7ae4d2) Importer(815301076,1909f56bfc062723c751e8b465ee728b)  -> (artifact id: '639b42336b75f289cf7e622e364b07f2') in 0.068300 seconds 
========================================================================
Received Import Request.
  Time since last request: 0.000032 seconds.
  path: Assets/Sport Car - 3D model/Prefabs/Materials/Disks.mat
  artifactKey: Guid(9167cc76d5d0748618ca0b5f744043aa) Importer(815301076,1909f56bfc062723c751e8b465ee728b)
Start importing Assets/Sport Car - 3D model/Prefabs/Materials/Disks.mat using Guid(9167cc76d5d0748618ca0b5f744043aa) Importer(815301076,1909f56bfc062723c751e8b465ee728b)  -> (artifact id: '4f1d415d35bcae8093bcf9fdf410881a') in 0.008442 seconds 
========================================================================
Received Import Request.
  Time since last request: 0.000039 seconds.
  path: Assets/Sport Car - 3D model/Materials/Glass2.mat
  artifactKey: Guid(2bbe2230876d7fc40911816305867c00) Importer(815301076,1909f56bfc062723c751e8b465ee728b)
Start importing Assets/Sport Car - 3D model/Materials/Glass2.mat using Guid(2bbe2230876d7fc40911816305867c00) Importer(815301076,1909f56bfc062723c751e8b465ee728b)  -> (artifact id: '28bea7e30629f71bc4a65798fd56e14e') in 0.362599 seconds 
========================================================================
Received Import Request.
  Time since last request: 0.000054 seconds.
  path: Assets/Sport Car - 3D model/Materials/Color.mat
  artifactKey: Guid(aa36da9c6fc253a4881ea53707a543da) Importer(815301076,1909f56bfc062723c751e8b465ee728b)
Start importing Assets/Sport Car - 3D model/Materials/Color.mat using Guid(aa36da9c6fc253a4881ea53707a543da) Importer(815301076,1909f56bfc062723c751e8b465ee728b)  -> (artifact id: 'cbdabd7670c0548be35aeca3eafe4fb3') in 0.006075 seconds 
========================================================================
Received Import Request.
  Time since last request: 0.000020 seconds.
  path: Assets/Sport Car - 3D model/Materials/Lights/FrontLights.mat
  artifactKey: Guid(e7c201546902c694084067c04832f71f) Importer(815301076,1909f56bfc062723c751e8b465ee728b)
Start importing Assets/Sport Car - 3D model/Materials/Lights/FrontLights.mat using Guid(e7c201546902c694084067c04832f71f) Importer(815301076,1909f56bfc062723c751e8b465ee728b)  -> (artifact id: 'bb0df66b412b188d33711d4054ea172c') in 0.005130 seconds 
========================================================================
Received Import Request.
  Time since last request: 115.433348 seconds.
  path: Assets/Sport Car - 3D model/Flares/FrontFlare.flare
  artifactKey: Guid(eb7f2fdf6cf18496a8300de97efb5eac) Importer(815301076,1909f56bfc062723c751e8b465ee728b)
Start importing Assets/Sport Car - 3D model/Flares/FrontFlare.flare using Guid(eb7f2fdf6cf18496a8300de97efb5eac) Importer(815301076,1909f56bfc062723c751e8b465ee728b)  -> (artifact id: '93bb2bfabe73a7c156e7f9ed753e2148') in 0.050630 seconds 
========================================================================
Received Import Request.
  Time since last request: 0.000053 seconds.
  path: Assets/Sport Car - 3D model/Flares/IndicatorFlare.flare
  artifactKey: Guid(7822f90f31d9b1f49acb213e805a35fd) Importer(815301076,1909f56bfc062723c751e8b465ee728b)
Start importing Assets/Sport Car - 3D model/Flares/IndicatorFlare.flare using Guid(7822f90f31d9b1f49acb213e805a35fd) Importer(815301076,1909f56bfc062723c751e8b465ee728b)  -> (artifact id: 'e49472e2282fc42f545e21526bac320a') in 0.001436 seconds 
========================================================================
Received Import Request.
  Time since last request: 43.635721 seconds.
  path: Assets/Sport Car - 3D model/Materials/Textures/Ligths.png
  artifactKey: Guid(64c32dd49bb218a41968afbc740db723) Importer(815301076,1909f56bfc062723c751e8b465ee728b)
Start importing Assets/Sport Car - 3D model/Materials/Textures/Ligths.png using Guid(64c32dd49bb218a41968afbc740db723) Importer(815301076,1909f56bfc062723c751e8b465ee728b)  -> (artifact id: '3329e5aa4be31a24c49cc53df80cd846') in 0.383786 seconds 
========================================================================
Received Import Request.
  Time since last request: 0.000046 seconds.
  path: Assets/Sport Car - 3D model/Materials/Textures/Tire.jpg
  artifactKey: Guid(567b2b0bdca69e942a4d050fe806fd74) Importer(815301076,1909f56bfc062723c751e8b465ee728b)
Start importing Assets/Sport Car - 3D model/Materials/Textures/Tire.jpg using Guid(567b2b0bdca69e942a4d050fe806fd74) Importer(815301076,1909f56bfc062723c751e8b465ee728b)  -> (artifact id: '9c3d383e165110fa3f8affab2e23a90b') in 0.398631 seconds 
========================================================================
Received Import Request.
  Time since last request: 86.568662 seconds.
  path: Assets/Sport Car - 3D model/Prefabs/Materials/None__RightIndicator_png.mat
  artifactKey: Guid(4ec19bd1cf89642bc9d0ceb8fd6f1ec6) Importer(815301076,1909f56bfc062723c751e8b465ee728b)
Start importing Assets/Sport Car - 3D model/Prefabs/Materials/None__RightIndicator_png.mat using Guid(4ec19bd1cf89642bc9d0ceb8fd6f1ec6) Importer(815301076,1909f56bfc062723c751e8b465ee728b)  -> (artifact id: 'a0f54b056f11987e1789f4021c27dcc8') in 0.008090 seconds 
========================================================================
Received Import Request.
  Time since last request: 0.000062 seconds.
  path: Assets/Sport Car - 3D model/Prefabs/Materials/Tire.mat
  artifactKey: Guid(40bfe66736f7d45d7ab4c5cc9535cb76) Importer(815301076,1909f56bfc062723c751e8b465ee728b)
Start importing Assets/Sport Car - 3D model/Prefabs/Materials/Tire.mat using Guid(40bfe66736f7d45d7ab4c5cc9535cb76) Importer(815301076,1909f56bfc062723c751e8b465ee728b)  -> (artifact id: 'a159aed1d1b1bc2ba9011e303db8c681') in 0.010171 seconds 
========================================================================
Received Import Request.
  Time since last request: 440.862936 seconds.
  path: Assets/Sport Car - 3D model/Materials/Wheel_Mats/DisplacementMap.png
  artifactKey: Guid(d27d380e8c37d09439699c5f603e1fdb) Importer(815301076,1909f56bfc062723c751e8b465ee728b)
Start importing Assets/Sport Car - 3D model/Materials/Wheel_Mats/DisplacementMap.png using Guid(d27d380e8c37d09439699c5f603e1fdb) Importer(815301076,1909f56bfc062723c751e8b465ee728b)  -> (artifact id: '410d50a710d911fe4cf760ae9981e1ef') in 0.015679 seconds 
========================================================================
Received Import Request.
  Time since last request: 0.000046 seconds.
  path: Assets/Sport Car - 3D model/Materials/Wheel_Mats/Tire.mat
  artifactKey: Guid(078380fb5cb6b134796b7ccc06a7b04d) Importer(815301076,1909f56bfc062723c751e8b465ee728b)
Start importing Assets/Sport Car - 3D model/Materials/Wheel_Mats/Tire.mat using Guid(078380fb5cb6b134796b7ccc06a7b04d) Importer(815301076,1909f56bfc062723c751e8b465ee728b)  -> (artifact id: '820056632cf55621065bdb81a19a1c9a') in 0.290422 seconds 
========================================================================
Received Import Request.
  Time since last request: 681.877847 seconds.
  path: Assets/ARCADE - FREE Racing Car/Meshes/Road.fbx
  artifactKey: Guid(ab2e556b62273434dad486c1e0a4ebf9) Importer(815301076,1909f56bfc062723c751e8b465ee728b)
Start importing Assets/ARCADE - FREE Racing Car/Meshes/Road.fbx using Guid(ab2e556b62273434dad486c1e0a4ebf9) Importer(815301076,1909f56bfc062723c751e8b465ee728b)  -> (artifact id: 'ee99a93461a9faf3b449bde68b45334e') in 0.092949 seconds 
========================================================================
Received Import Request.
  Time since last request: 3.380722 seconds.
  path: Assets/ARCADE - FREE Racing Car/Prefabs (With Colliders)/Free Racing Car.prefab
  artifactKey: Guid(133308cdb8794744caaef026bde9e1f0) Importer(815301076,1909f56bfc062723c751e8b465ee728b)
Start importing Assets/ARCADE - FREE Racing Car/Prefabs (With Colliders)/Free Racing Car.prefab using Guid(133308cdb8794744caaef026bde9e1f0) Importer(815301076,1909f56bfc062723c751e8b465ee728b)  -> (artifact id: '164004ea501bc8b782199a662fb9ed7e') in 0.299310 seconds 
========================================================================
Received Import Request.
  Time since last request: 0.000096 seconds.
  path: Assets/ARCADE - FREE Racing Car/Prefabs (Meshes Only)/Free Racing Car Gray Variant.prefab
  artifactKey: Guid(f430073c636116b4b9c0f5e6ddcde097) Importer(815301076,1909f56bfc062723c751e8b465ee728b)
Start importing Assets/ARCADE - FREE Racing Car/Prefabs (Meshes Only)/Free Racing Car Gray Variant.prefab using Guid(f430073c636116b4b9c0f5e6ddcde097) Importer(815301076,1909f56bfc062723c751e8b465ee728b)  -> (artifact id: '38205b2dcf50153d03d0ef2aab18e935') in 0.008695 seconds 
========================================================================
Received Import Request.
  Time since last request: 0.000049 seconds.
  path: Assets/ARCADE - FREE Racing Car/Prefabs (With Colliders)/Free Racing Car Red Variant.prefab
  artifactKey: Guid(8a8f57edf3523624eb9f886833e8e97a) Importer(815301076,1909f56bfc062723c751e8b465ee728b)
Start importing Assets/ARCADE - FREE Racing Car/Prefabs (With Colliders)/Free Racing Car Red Variant.prefab using Guid(8a8f57edf3523624eb9f886833e8e97a) Importer(815301076,1909f56bfc062723c751e8b465ee728b)  -> (artifact id: 'f0113777bcdee7ac891388d2919cdcc4') in 0.010296 seconds 
========================================================================
Received Import Request.
  Time since last request: 0.000047 seconds.
  path: Assets/ARCADE - FREE Racing Car/Prefabs (Meshes Only)/Free Racing Car Purple Variant.prefab
  artifactKey: Guid(98c57f100a7d7684dba02b8725bbc5d8) Importer(815301076,1909f56bfc062723c751e8b465ee728b)
Start importing Assets/ARCADE - FREE Racing Car/Prefabs (Meshes Only)/Free Racing Car Purple Variant.prefab using Guid(98c57f100a7d7684dba02b8725bbc5d8) Importer(815301076,1909f56bfc062723c751e8b465ee728b)  -> (artifact id: 'f8f55e25b753daa4d9ba5457e26eb545') in 0.010412 seconds 
========================================================================
Received Import Request.
  Time since last request: 0.000043 seconds.
  path: Assets/ARCADE - FREE Racing Car/Prefabs (With Colliders)/Free Racing Car Blue Variant.prefab
  artifactKey: Guid(e9be6b9d71ce20345b55b654f6eca5d9) Importer(815301076,1909f56bfc062723c751e8b465ee728b)
Start importing Assets/ARCADE - FREE Racing Car/Prefabs (With Colliders)/Free Racing Car Blue Variant.prefab using Guid(e9be6b9d71ce20345b55b654f6eca5d9) Importer(815301076,1909f56bfc062723c751e8b465ee728b)  -> (artifact id: '279895736b8e5c9ac62218307f584295') in 0.007495 seconds 
========================================================================
Received Import Request.
  Time since last request: 211.645518 seconds.
  path: Assets/ARCADE - FREE Racing Car/Materials/AFRC_Env_Mat.mat
  artifactKey: Guid(69b6e8fa160b23c42a4052f818eb166c) Importer(815301076,1909f56bfc062723c751e8b465ee728b)
Start importing Assets/ARCADE - FREE Racing Car/Materials/AFRC_Env_Mat.mat using Guid(69b6e8fa160b23c42a4052f818eb166c) Importer(815301076,1909f56bfc062723c751e8b465ee728b)  -> (artifact id: 'eb7ae1935494f16c261a15890e7d70d3') in 0.153240 seconds 
========================================================================
Received Import Request.
  Time since last request: 0.000073 seconds.
  path: Assets/ARCADE - FREE Racing Car/Materials/Color Variations/AFRC_Mat_Col3.mat
  artifactKey: Guid(c4c2ee3e832cffd48bb9d156c2b21376) Importer(815301076,1909f56bfc062723c751e8b465ee728b)
Start importing Assets/ARCADE - FREE Racing Car/Materials/Color Variations/AFRC_Mat_Col3.mat using Guid(c4c2ee3e832cffd48bb9d156c2b21376) Importer(815301076,1909f56bfc062723c751e8b465ee728b)  -> (artifact id: '1bd601fa9f97aa2368a5d9d52fdc443a') in 0.006626 seconds 
========================================================================
Received Import Request.
  Time since last request: 0.000041 seconds.
  path: Assets/ARCADE - FREE Racing Car/Materials/Color Variations/AFRC_Mat_Col5.mat
  artifactKey: Guid(74196cf5d503c14488ae1ef1dbc6c9a4) Importer(815301076,1909f56bfc062723c751e8b465ee728b)
Start importing Assets/ARCADE - FREE Racing Car/Materials/Color Variations/AFRC_Mat_Col5.mat using Guid(74196cf5d503c14488ae1ef1dbc6c9a4) Importer(815301076,1909f56bfc062723c751e8b465ee728b)  -> (artifact id: '31299626a475f9db49809c2ff1a39eb2') in 0.008124 seconds 
========================================================================
Received Import Request.
  Time since last request: 0.000054 seconds.
  path: Assets/ARCADE - FREE Racing Car/Materials/Color Variations/AFRC_Mat_Col2.mat
  artifactKey: Guid(d2344366b80fe3d4f886ec412e0174fa) Importer(815301076,1909f56bfc062723c751e8b465ee728b)
Start importing Assets/ARCADE - FREE Racing Car/Materials/Color Variations/AFRC_Mat_Col2.mat using Guid(d2344366b80fe3d4f886ec412e0174fa) Importer(815301076,1909f56bfc062723c751e8b465ee728b)  -> (artifact id: '3a290d77a1cd520f257f9406be43aa78') in 0.005601 seconds 
========================================================================
Received Import Request.
  Time since last request: 0.000037 seconds.
  path: Assets/Sport Car - 3D model/Materials/Lights/FrontLights.mat
  artifactKey: Guid(e7c201546902c694084067c04832f71f) Importer(815301076,1909f56bfc062723c751e8b465ee728b)
Start importing Assets/Sport Car - 3D model/Materials/Lights/FrontLights.mat using Guid(e7c201546902c694084067c04832f71f) Importer(815301076,1909f56bfc062723c751e8b465ee728b)  -> (artifact id: 'b13932f2cda3b9d5c0cd2202f82a3514') in 0.005259 seconds 
========================================================================
Received Import Request.
  Time since last request: 0.000051 seconds.
  path: Assets/ARCADE - FREE Racing Car/Materials/Color Variations/AFRC_Mat_Col1.mat
  artifactKey: Guid(07f44fe3e9c462146a7769b976c50ec4) Importer(815301076,1909f56bfc062723c751e8b465ee728b)
Start importing Assets/ARCADE - FREE Racing Car/Materials/Color Variations/AFRC_Mat_Col1.mat using Guid(07f44fe3e9c462146a7769b976c50ec4) Importer(815301076,1909f56bfc062723c751e8b465ee728b)  -> (artifact id: '221db4919a9da3562adbc357460ea398') in 0.006364 seconds 
